<?xml version="1.0" encoding="UTF-8"?>
<!-- Generated by org.testng.reporters.JUnitReportReporter -->
<testsuite hostname="LAPTOP-HS6FBJBT" failures="0" tests="3" name="practice.DataProviderEx2" time="0.047" errors="0" timestamp="2024-07-08T21:09:35 IST" skipped="0">
  <testcase classname="practice.DataProviderEx2" name="bookTickets" time="0.030"/>
  <testcase classname="practice.DataProviderEx2" name="bookTickets" time="0.014"/>
  <testcase classname="practice.DataProviderEx2" name="bookTickets" time="0.003"/>
</testsuite> <!-- practice.DataProviderEx2 -->
