<?xml version="1.0" encoding="UTF-8"?>
<!-- Generated by org.testng.reporters.JUnitReportReporter -->
<testsuite hostname="LAPTOP-HS6FBJBT" failures="0" tests="3" name="practice.TestNGTest" time="0.041" errors="0" timestamp="2024-07-08T20:02:02 IST" skipped="0">
  <testcase classname="practice.TestNGTest" name="modifyContactTest" time="0.034"/>
  <testcase classname="practice.TestNGTest" name="createContactTest" time="0.004"/>
  <testcase classname="practice.TestNGTest" name="deleteContactTest" time="0.003"/>
</testsuite> <!-- practice.TestNGTest -->
