<?xml version="1.0" encoding="UTF-8"?>
<!-- Generated by org.testng.reporters.JUnitReportReporter -->
<testsuite hostname="LAPTOP-HS6FBJBT" failures="0" tests="1" name="Campaign.CreateCampaignTest" time="85.865" errors="0" timestamp="2024-07-22T01:16:10 IST" skipped="0">
  <testcase classname="Campaign.CreateCampaignTest" name="createCampaignTest" time="85.865"/>
</testsuite> <!-- Campaign.CreateCampaignTest -->
