<?xml version="1.0" encoding="UTF-8"?>
<!-- Generated by org.testng.reporters.JUnitReportReporter -->
<testsuite hostname="LAPTOP-HS6FBJBT" failures="0" tests="3" name="practice.DataProviderEx3" time="107.148" errors="0" timestamp="2024-07-09T20:34:17 IST" skipped="0">
  <testcase classname="practice.DataProviderEx3" name="createOrganization" time="34.003"/>
  <testcase classname="practice.DataProviderEx3" name="createOrganization" time="40.320"/>
  <testcase classname="practice.DataProviderEx3" name="createOrganization" time="32.825"/>
</testsuite> <!-- practice.DataProviderEx3 -->
