<?xml version="1.0" encoding="UTF-8"?>
<!-- Generated by org.testng.reporters.JUnitReportReporter -->
<testsuite hostname="LAPTOP-HS6FBJBT" failures="0" tests="3" name="practice.TestNGTDependsOn" time="0.047" errors="0" timestamp="2024-07-08T20:17:29 IST" skipped="0">
  <testcase classname="practice.TestNGTDependsOn" name="createContactTest" time="0.032"/>
  <testcase classname="practice.TestNGTDependsOn" name="deleteContactTest" time="0.005"/>
  <testcase classname="practice.TestNGTDependsOn" name="modifyContactTest" time="0.010"/>
</testsuite> <!-- practice.TestNGTDependsOn -->
