<?xml version="1.0" encoding="UTF-8"?>
<!-- Generated by org.testng.reporters.JUnitReportReporter -->
<testsuite hostname="LAPTOP-HS6FBJBT" failures="0" tests="1" name="Campaign.CreateCampaignWithProductTest" time="53.421" errors="0" timestamp="2024-07-22T01:16:10 IST" skipped="0">
  <testcase classname="Campaign.CreateCampaignWithProductTest" name="CreateCampaignWithProductTest" time="53.421"/>
</testsuite> <!-- Campaign.CreateCampaignWithProductTest -->
