<?xml version="1.0" encoding="UTF-8"?>
<!-- Generated by org.testng.reporters.JUnitReportReporter -->
<testsuite hostname="LAPTOP-HS6FBJBT" failures="0" tests="3" name="practice.DataProviderEx1" time="0.068" errors="0" timestamp="2024-07-08T20:53:46 IST" skipped="0">
  <testcase classname="practice.DataProviderEx1" name="bookTickets" time="0.051"/>
  <testcase classname="practice.DataProviderEx1" name="bookTickets" time="0.006"/>
  <testcase classname="practice.DataProviderEx1" name="bookTickets" time="0.011"/>
</testsuite> <!-- practice.DataProviderEx1 -->
