<?xml version="1.0" encoding="UTF-8"?>
<!-- Generated by org.testng.reporters.JUnitReportReporter -->
<testsuite hostname="LAPTOP-HS6FBJBT" failures="0" tests="1" name="Product.CreateProductAndDeleteProductTest" time="92.561" errors="0" timestamp="2024-07-22T01:16:10 IST" skipped="0">
  <testcase classname="Product.CreateProductAndDeleteProductTest" name="CreateProductAndDeleteProductTest" time="92.561"/>
</testsuite> <!-- Product.CreateProductAndDeleteProductTest -->
