<?xml version="1.0" encoding="UTF-8"?>
<!-- Generated by org.testng.reporters.JUnitReportReporter -->
<testsuite hostname="LAPTOP-HS6FBJBT" failures="0" tests="4" name="practice.TestNGEnabled" time="0.039" errors="0" timestamp="2024-07-08T20:24:13 IST" skipped="1">
  <testcase classname="practice.TestNGEnabled" name="deleteContactTest" time="0.027"/>
  <testcase classname="practice.TestNGEnabled" name="modifyContactTest" time="0.008"/>
  <testcase classname="practice.TestNGEnabled" name="modifyContactTest" time="0.004"/>
  <testcase classname="practice.TestNGEnabled" name="createContactTest">
    <skipped/>
  </testcase> <!-- createContactTest -->
</testsuite> <!-- practice.TestNGEnabled -->
