<?xml version="1.0" encoding="UTF-8"?>
<!-- Generated by org.testng.reporters.JUnitReportReporter -->
<testsuite hostname="LAPTOP-HS6FBJBT" failures="0" tests="3" name="practice.DataProviderEx4" time="111.049" errors="0" timestamp="2024-07-09T21:07:22 IST" skipped="0">
  <testcase classname="practice.DataProviderEx4" name="createOrganization" time="39.157"/>
  <testcase classname="practice.DataProviderEx4" name="createOrganization" time="36.343"/>
  <testcase classname="practice.DataProviderEx4" name="createOrganization" time="35.549"/>
</testsuite> <!-- practice.DataProviderEx4 -->
