<?xml version="1.0" encoding="UTF-8"?>
<!-- Generated by org.testng.reporters.JUnitReportReporter -->
<testsuite hostname="LAPTOP-HS6FBJBT" failures="0" tests="1" name="Organization.CreateOrganizationTest" time="32.235" errors="0" timestamp="2024-07-18T15:25:30 IST" skipped="0">
  <testcase classname="Organization.CreateOrganizationTest" name="createOrganizationTest" time="32.235"/>
</testsuite> <!-- Organization.CreateOrganizationTest -->
